<?xml version="1.0" encoding="UTF-8"?>
<!-- Generated by org.testng.reporters.JUnitXMLReporter -->
<testsuite hostname="DESKTOP-8UMRB5T" ignored="0" name="Parallel Tests" tests="4" failures="2" timestamp="12 Jul 2020 20:35:43 GMT" time="313.107" errors="0">
  <testcase name="edgeBrowser" time="1.508" classname="tests.ParallelExecution">
    <failure type="io.github.bonigarcia.wdm.WebDriverManagerException" message="io.github.bonigarcia.wdm.WebDriverManagerException: MicrosoftWebDriver.exe should be pre-installed in an elevated command prompt executing: dism /Online /Add-Capability /CapabilityName:Microsoft.WebDriver~~~~0.0.1.0">
      <![CDATA[io.github.bonigarcia.wdm.WebDriverManagerException: io.github.bonigarcia.wdm.WebDriverManagerException: MicrosoftWebDriver.exe should be pre-installed in an elevated command prompt executing: dism /Online /Add-Capability /CapabilityName:Microsoft.WebDriver~~~~0.0.1.0
at io.github.bonigarcia.wdm.WebDriverManager.handleException(WebDriverManager.java:725)
at io.github.bonigarcia.wdm.WebDriverManager.manage(WebDriverManager.java:548)
at io.github.bonigarcia.wdm.WebDriverManager.setup(WebDriverManager.java:260)
at tests.ParallelExecution.edgeBrowser(ParallelExecution.java:46)
at java.util.concurrent.ThreadPoolExecutor.runWorker(ThreadPoolExecutor.java:1149)
at java.util.concurrent.ThreadPoolExecutor$Worker.run(ThreadPoolExecutor.java:624)
at java.lang.Thread.run(Thread.java:748)
Caused by: io.github.bonigarcia.wdm.WebDriverManagerException: MicrosoftWebDriver.exe should be pre-installed in an elevated command prompt executing: dism /Online /Add-Capability /CapabilityName:Microsoft.WebDriver~~~~0.0.1.0
at io.github.bonigarcia.wdm.WebDriverManager.checkPreInstalledVersion(WebDriverManager.java:607)
at io.github.bonigarcia.wdm.WebDriverManager.manage(WebDriverManager.java:508)
... 15 more
... Removed 10 stack frames]]>
    </failure>
  </testcase> <!-- edgeBrowser -->
  <testcase name="chromeBrowser" time="8.581" classname="tests.ParallelExecution"/>
  <testcase name="fireFoxBrowser" time="8.583" classname="tests.ParallelExecution"/>
  <testcase name="internetExpBrowser" time="313.066" classname="tests.ParallelExecution">
    <failure type="org.openqa.selenium.TimeoutException" message="Timed out waiting for page to load.
Build info: version: &amp;apos;3.141.59&amp;apos;, revision: &amp;apos;e82be7d358&amp;apos;, time: &amp;apos;2018-11-14T08:17:03&amp;apos;
System info: host: &amp;apos;DESKTOP-8UMRB5T&amp;apos;, ip: &amp;apos;192.168.1.237&amp;apos;, os.name: &amp;apos;Windows 10&amp;apos;, os.arch: &amp;apos;amd64&amp;apos;, os.version: &amp;apos;10.0&amp;apos;, java.version: &amp;apos;1.8.0_241&amp;apos;
Driver info: org.openqa.selenium.ie.InternetExplorerDriver
Capabilities {acceptInsecureCerts: false, browserName: internet explorer, browserVersion: 11, javascriptEnabled: true, pageLoadStrategy: normal, platform: WINDOWS, platformName: WINDOWS, proxy: Proxy(), se:ieOptions: {browserAttachTimeout: 0, elementScrollBehavior: 0, enablePersistentHover: true, ie.browserCommandLineSwitches: , ie.edgechromium: false, ie.edgepath: , ie.ensureCleanSession: false, ie.fileUploadDialogTimeout: 3000, ie.forceCreateProcessApi: false, ignoreProtectedModeSettings: false, ignoreZoomSetting: false, initialBrowserUrl: http://localhost:10257/, nativeEvents: true, requireWindowFocus: false}, setWindowRect: true, strictFileInteractability: false, timeouts: {implicit: 0, pageLoad: 300000, script: 30000}, unhandledPromptBehavior: dismiss and notify}
Session ID: fa21c9c5-3178-47ce-b9d6-08575109115c">
      <![CDATA[org.openqa.selenium.TimeoutException: Timed out waiting for page to load.
Build info: version: '3.141.59', revision: 'e82be7d358', time: '2018-11-14T08:17:03'
System info: host: 'DESKTOP-8UMRB5T', ip: '192.168.1.237', os.name: 'Windows 10', os.arch: 'amd64', os.version: '10.0', java.version: '1.8.0_241'
Driver info: org.openqa.selenium.ie.InternetExplorerDriver
Capabilities {acceptInsecureCerts: false, browserName: internet explorer, browserVersion: 11, javascriptEnabled: true, pageLoadStrategy: normal, platform: WINDOWS, platformName: WINDOWS, proxy: Proxy(), se:ieOptions: {browserAttachTimeout: 0, elementScrollBehavior: 0, enablePersistentHover: true, ie.browserCommandLineSwitches: , ie.edgechromium: false, ie.edgepath: , ie.ensureCleanSession: false, ie.fileUploadDialogTimeout: 3000, ie.forceCreateProcessApi: false, ignoreProtectedModeSettings: false, ignoreZoomSetting: false, initialBrowserUrl: http://localhost:10257/, nativeEvents: true, requireWindowFocus: false}, setWindowRect: true, strictFileInteractability: false, timeouts: {implicit: 0, pageLoad: 300000, script: 30000}, unhandledPromptBehavior: dismiss and notify}
Session ID: fa21c9c5-3178-47ce-b9d6-08575109115c
at org.openqa.selenium.remote.http.W3CHttpResponseCodec.createException(W3CHttpResponseCodec.java:187)
at org.openqa.selenium.remote.http.W3CHttpResponseCodec.decode(W3CHttpResponseCodec.java:122)
at org.openqa.selenium.remote.http.W3CHttpResponseCodec.decode(W3CHttpResponseCodec.java:49)
at org.openqa.selenium.remote.HttpCommandExecutor.execute(HttpCommandExecutor.java:158)
at org.openqa.selenium.remote.service.DriverCommandExecutor.execute(DriverCommandExecutor.java:83)
at org.openqa.selenium.remote.RemoteWebDriver.execute(RemoteWebDriver.java:552)
at org.openqa.selenium.remote.RemoteWebDriver.get(RemoteWebDriver.java:277)
at tests.ParallelExecution.internetExpBrowser(ParallelExecution.java:39)
at java.util.concurrent.ThreadPoolExecutor.runWorker(ThreadPoolExecutor.java:1149)
at java.util.concurrent.ThreadPoolExecutor$Worker.run(ThreadPoolExecutor.java:624)
at java.lang.Thread.run(Thread.java:748)
... Removed 14 stack frames]]>
    </failure>
  </testcase> <!-- internetExpBrowser -->
</testsuite> <!-- Parallel Tests -->
