<?xml version="1.0" encoding="UTF-8"?>
<!-- Generated by org.testng.reporters.JUnitXMLReporter -->
<testsuite hostname="DESKTOP-8UMRB5T" ignored="5" name="Default test(failed)(failed)" tests="1" failures="0" timestamp="08 Jul 2020 03:13:09 GMT" time="18.191" errors="0">
  <testcase name="loginToHotelPage" time="7.635" classname="tests.HotelLogin"/>
  <testcase name="testfive" time="0.0" classname="tests.HotelLogin">
    <ignored/>
  </testcase> <!-- testfive -->
  <testcase name="loginWithParameters" time="0.0" classname="tests.HotelLogin">
    <ignored/>
  </testcase> <!-- loginWithParameters -->
  <testcase name="testfour" time="0.0" classname="tests.HotelLogin">
    <ignored/>
  </testcase> <!-- testfour -->
  <testcase name="testthree" time="0.0" classname="tests.HotelLogin">
    <ignored/>
  </testcase> <!-- testthree -->
  <testcase name="testsix" time="0.0" classname="tests.HotelLogin">
    <ignored/>
  </testcase> <!-- testsix -->
</testsuite> <!-- Default test(failed)(failed) -->
